<?xml version="1.0" encoding="UTF-8"?>
<testng-results ignored="0" total="1" passed="1" failed="0" skipped="0">
  <reporter-output>
  </reporter-output>
  <suite started-at="2026-02-14T18:11:42 IST" name="Suite" finished-at="2026-02-14T18:12:01 IST" duration-ms="19416">
    <groups>
    </groups>
    <test started-at="2026-02-14T18:11:42 IST" name="Test" finished-at="2026-02-14T18:12:01 IST" duration-ms="19416">
      <class name="runner.Pract2">
        <test-method signature="test()[pri:0, instance:runner.Pract2@7a52f2a2]" started-at="2026-02-14T18:11:42 IST" name="test" finished-at="2026-02-14T18:12:01 IST" duration-ms="19108" status="PASS">
          <reporter-output>
          </reporter-output>
        </test-method> <!-- test -->
      </class> <!-- runner.Pract2 -->
    </test> <!-- Test -->
  </suite> <!-- Suite -->
</testng-results>
