<?xml version="1.0" encoding="UTF-8"?>
<testng-results ignored="0" total="1" passed="1" failed="0" skipped="0">
  <reporter-output>
  </reporter-output>
  <suite started-at="2026-02-06T20:14:22 IST" name="Default suite" finished-at="2026-02-06T20:14:22 IST" duration-ms="108">
    <groups>
    </groups>
    <test started-at="2026-02-06T20:14:22 IST" name="Default test" finished-at="2026-02-06T20:14:22 IST" duration-ms="108">
      <class name="testNG.Annotations">
        <test-method signature="method()[pri:0, instance:testNG.Annotations@55182842]" started-at="2026-02-06T20:14:22 IST" name="method" finished-at="2026-02-06T20:14:22 IST" duration-ms="17" status="PASS">
          <reporter-output>
          </reporter-output>
        </test-method> <!-- method -->
      </class> <!-- testNG.Annotations -->
    </test> <!-- Default test -->
  </suite> <!-- Default suite -->
</testng-results>
